0 info it worked if it ends with ok
1 verbose cli [ 'node',
1 verbose cli   '/opt/boxen/nodenv/versions/v0.10.26/bin/npm',
1 verbose cli   'publish',
1 verbose cli   '.' ]
2 info using npm@2.1.2
3 info using node@v0.10.26
4 verbose publish [ '.' ]
5 silly cache add args [ '.', null ]
6 verbose cache add spec .
7 silly cache add parsed spec { raw: '.',
7 silly cache add   scope: null,
7 silly cache add   name: null,
7 silly cache add   rawSpec: '.',
7 silly cache add   spec: '/Users/Filipe/Desktop/web-component-parser',
7 silly cache add   type: 'local' }
8 verbose cache add local package /Users/Filipe/Desktop/web-component-parser
9 verbose tar pack [ '/Users/Filipe/.npm/web-component-parser/1.0.1/package.tgz',
9 verbose tar pack   '.' ]
10 verbose tarball /Users/Filipe/.npm/web-component-parser/1.0.1/package.tgz
11 verbose folder .
12 info prepublish web-component-parser@1.0.1
13 verbose addLocalTarball adding from inside cache /Users/Filipe/.npm/web-component-parser/1.0.1/package.tgz
14 silly publish { name: 'web-component-parser',
14 silly publish   version: '1.0.1',
14 silly publish   description: 'Parses html for web component references and creates a dependency json',
14 silly publish   author:
14 silly publish    { name: 'Filipe Araujo',
14 silly publish      email: 'filipe.alves.araujo@gmail.com' },
14 silly publish   keywords:
14 silly publish    [ 'webcomponents',
14 silly publish      'web-components',
14 silly publish      'webcomponents-parser',
14 silly publish      'web-components-parser',
14 silly publish      'dependency',
14 silly publish      'dependencies' ],
14 silly publish   main: 'index.js',
14 silly publish   scripts: { test: 'mocha ./test' },
14 silly publish   repository:
14 silly publish    { type: 'git',
14 silly publish      url: 'git@github.com:filaraujo/web-component-parser.git' },
14 silly publish   license: 'MIT',
14 silly publish   dependencies:
14 silly publish    { htmlparser2: '^3.7.3',
14 silly publish      through2: '^0.6.3',
14 silly publish      vinyl: '^0.4.3',
14 silly publish      'vinyl-fs': '^0.3.9' },
14 silly publish   devDependencies: { mocha: '^1.21.5', should: '^4.0.4' },
14 silly publish   readme: '# web-component-parser\n\nParses html for web component references and creates a dependency json\n\n[![Build Status](https://travis-ci.org/filaraujo/web-component-parser.svg?branch=master)](https://travis-ci.org/filaraujo/web-component-parser)\n\n\n## Install\n\n```node\nnpm install web-component-parser --save\n```\n\n## Usage\n```javascript\nvar wcp = require(\'wcp\');\n\nwcp.dependencies({\n    fileName: \'deps\',\n    src: \'./test/fixtures/*.html\',\n    dest: \'./test/\'\n};\n```\n\n## dependencies([options])\nYou can call the dependencies api directly, this will return a `vinyl-fs` stream object allowing\nit to be piped.\n\n* `options` {Object}\n  * `src` {Array|String} source directory for `html` files to parse\n  * `dest` {String} destination directory to add json file\n  * `fileName` {String} file name of json file that will be created. Defaults to `dependencies`.json\n\n## gulp\n`web-component-parser` can be used directly with gulp.\n\n```javascript\nvar gulp = require(\'gulp\'),\n    wcp = require(\'wcp\');\n\ngulp.task( \'deps\', function(){\n    return gulp.src(\'./test/fixtures/*.html\')\n        .pipe( wcp({\n            fileName: \'fileName\'\n        }) )\n        .pipe( gulp.dest(\'./test/\') );\n});\n```\n\n## licence\nMIT\n',
14 silly publish   readmeFilename: 'README.md',
14 silly publish   gitHead: '59cce084d95ba85788e8225cff843cdab48404cd',
14 silly publish   bugs: { url: 'https://github.com/filaraujo/web-component-parser/issues' },
14 silly publish   homepage: 'https://github.com/filaraujo/web-component-parser',
14 silly publish   _id: 'web-component-parser@1.0.1',
14 silly publish   _shasum: 'a27dc9389db2fe50c2bffb3e318fb42536738a46',
14 silly publish   _from: '.' }
15 verbose mapToRegistry name web-component-parser
16 verbose mapToRegistry uri https://registry.npmjs.org/web-component-parser
17 verbose publish registryBase https://registry.npmjs.org/
18 verbose request on initialization, where is /web-component-parser
19 verbose request after pass 1, where is /web-component-parser
20 verbose request url raw /web-component-parser
21 verbose request resolving registry [ 'https://registry.npmjs.org/', './web-component-parser' ]
22 verbose request after pass 2, where is https://registry.npmjs.org/web-component-parser
23 verbose request sending authorization for write operation
24 info attempt registry request try #1 at 23:29:28
25 verbose request id 7ecb165b6844c7cd
26 http request PUT https://registry.npmjs.org/web-component-parser
27 http 403 https://registry.npmjs.org/web-component-parser
28 verbose headers { date: 'Mon, 13 Oct 2014 03:29:09 GMT',
28 verbose headers   server: 'CouchDB/1.5.0 (Erlang OTP/R16B03)',
28 verbose headers   'content-type': 'application/json',
28 verbose headers   'cache-control': 'max-age=60',
28 verbose headers   'content-length': '4504',
28 verbose headers   'accept-ranges': 'bytes',
28 verbose headers   via: '1.1 varnish',
28 verbose headers   'x-served-by': 'cache-jfk1032-JFK',
28 verbose headers   'x-cache': 'MISS',
28 verbose headers   'x-cache-hits': '0',
28 verbose headers   'x-timer': 'S1413170949.355315,VS0,VE328',
28 verbose headers   'keep-alive': 'timeout=10, max=50',
28 verbose headers   connection: 'Keep-Alive' }
29 error publish Failed PUT 403
30 verbose stack Error: forbidden cannot modify pre-existing version: 1.0.1
30 verbose stack old={"name":"web-component-parser","version":"1.0.1","description":"Parses html for web component references and creates a dependency json","author":{"name":"Filipe Araujo","email":"filipe.alves.araujo@gmail.com"},"keywords":["webcomponents","web-components","webcomponents-parser","web-components-parser","dependency","dependencies"],"main":"index.js","scripts":{"test":"mocha ./test"},"repository":{"type":"git","url":"git@github.com:filaraujo/web-component-parser.git"},"license":"MIT","dependencies":{"htmlparser2":"^3.7.3","through2":"^0.6.3","vinyl":"^0.4.3","vinyl-fs":"^0.3.9"},"devDependencies":{"mocha":"^1.21.5","should":"^4.0.4"},"gitHead":"0748eae14afaf03370ec7914e0d2f70fc1d90416","bugs":{"url":"https://github.com/filaraujo/web-component-parser/issues"},"homepage":"https://github.com/filaraujo/web-component-parser","_id":"web-component-parser@1.0.1","_shasum":"f30c87d3ba7e93dba25582e72ca90e773414d895","_from":".","_npmVersion":"2.1.2","_nodeVersion":"0.10.26","_npmUser":{"name":"filipearaujo","email":"filipe.alves.araujo@gmail.com"},"maintainers":[{"name":"filipearaujo","email":"filipe.alves.araujo@gmail.com"}],"dist":{"shasum":"f30c87d3ba7e93dba25582e72ca90e773414d895","tarball":"http://registry.npmjs.org/web-component-parser/-/web-component-parser-1.0.1.tgz"}}
30 verbose stack new={"name":"web-component-parser","version":"1.0.1","description":"Parses html for web component references and creates a dependency json","author":{"name":"Filipe Araujo","email":"filipe.alves.araujo@gmail.com"},"keywords":["webcomponents","web-components","webcomponents-parser","web-components-parser","dependency","dependencies"],"main":"index.js","scripts":{"test":"mocha ./test"},"repository":{"type":"git","url":"git@github.com:filaraujo/web-component-parser.git"},"license":"MIT","dependencies":{"htmlparser2":"^3.7.3","through2":"^0.6.3","vinyl":"^0.4.3","vinyl-fs":"^0.3.9"},"devDependencies":{"mocha":"^1.21.5","should":"^4.0.4"},"readme":"# web-component-parser\u000a\u000aParses html for web component references and creates a dependency json\u000a\u000a[![Build Status](https://travis-ci.org/filaraujo/web-component-parser.svg?branch=master)](https://travis-ci.org/filaraujo/web-component-parser)\u000a\u000a\u000a## Install\u000a\u000a```node\u000anpm install web-component-parser --save\u000a```\u000a\u000a## Usage\u000a```javascript\u000avar wcp = require('wcp');\u000a\u000awcp.dependencies({\u000a    fileName: 'deps',\u000a    src: './test/fixtures/*.html',\u000a    dest: './test/'\u000a};\u000a```\u000a\u000a## dependencies([options])\u000aYou can call the dependencies api directly, this will return a `vinyl-fs` stream object allowing\u000ait to be piped.\u000a\u000a* `options` {Object}\u000a  * `src` {Array|String} source directory for `html` files to parse\u000a  * `dest` {String} destination directory to add json file\u000a  * `fileName` {String} file name of json file that will be created. Defaults to `dependencies`.json\u000a\u000a## gulp\u000a`web-component-parser` can be used directly with gulp.\u000a\u000a```javascript\u000avar gulp = require('gulp'),\u000a    wcp = require('wcp');\u000a\u000agulp.task( 'deps', function(){\u000a    return gulp.src('./test/fixtures/*.html')\u000a        .pipe( wcp({\u000a            fileName: 'fileName'\u000a        }) )\u000a        .pipe( gulp.dest('./test/') );\u000a});\u000a```\u000a\u000a## licence\u000aMIT\u000a","readmeFilename":"README.md","gitHead":"59cce084d95ba85788e8225cff843cdab48404cd","bugs":{"url":"https://github.com/filaraujo/web-component-parser/issues"},"homepage":"https://github.com/filaraujo/web-component-parser","_id":"web-component-parser@1.0.1","_shasum":"a27dc9389db2fe50c2bffb3e318fb42536738a46","_from":".","_npmVersion":"2.1.2","_nodeVersion":"0.10.26","_npmUser":{"name":"filipearaujo","email":"filipe.alves.araujo@gmail.com"},"maintainers":[{"name":"filipearaujo","email":"filipe.alves.araujo@gmail.com"}],"dist":{"shasum":"a27dc9389db2fe50c2bffb3e318fb42536738a46","tarball":"http://registry.npmjs.org/web-component-parser/-/web-component-parser-1.0.1.tgz"}}: web-component-parser
30 verbose stack     at RegClient.<anonymous> (/opt/boxen/nodenv/versions/v0.10.26/lib/node_modules/npm/node_modules/npm-registry-client/lib/request.js:260:14)
30 verbose stack     at Request._callback (/opt/boxen/nodenv/versions/v0.10.26/lib/node_modules/npm/node_modules/npm-registry-client/lib/request.js:197:65)
30 verbose stack     at Request.self.callback (/opt/boxen/nodenv/versions/v0.10.26/lib/node_modules/npm/node_modules/request/request.js:237:22)
30 verbose stack     at Request.EventEmitter.emit (events.js:98:17)
30 verbose stack     at Request.<anonymous> (/opt/boxen/nodenv/versions/v0.10.26/lib/node_modules/npm/node_modules/request/request.js:1146:14)
30 verbose stack     at Request.EventEmitter.emit (events.js:117:20)
30 verbose stack     at IncomingMessage.<anonymous> (/opt/boxen/nodenv/versions/v0.10.26/lib/node_modules/npm/node_modules/request/request.js:1097:12)
30 verbose stack     at IncomingMessage.EventEmitter.emit (events.js:117:20)
30 verbose stack     at _stream_readable.js:920:16
30 verbose stack     at process._tickCallback (node.js:415:13)
31 verbose statusCode 403
32 verbose pkgid web-component-parser
33 verbose cwd /Users/Filipe/Desktop/web-component-parser
34 error Darwin 13.3.0
35 error argv "node" "/opt/boxen/nodenv/versions/v0.10.26/bin/npm" "publish" "."
36 error node v0.10.26
37 error npm  v2.1.2
38 error code E403
39 error forbidden cannot modify pre-existing version: 1.0.1
39 error old={"name":"web-component-parser","version":"1.0.1","description":"Parses html for web component references and creates a dependency json","author":{"name":"Filipe Araujo","email":"filipe.alves.araujo@gmail.com"},"keywords":["webcomponents","web-components","webcomponents-parser","web-components-parser","dependency","dependencies"],"main":"index.js","scripts":{"test":"mocha ./test"},"repository":{"type":"git","url":"git@github.com:filaraujo/web-component-parser.git"},"license":"MIT","dependencies":{"htmlparser2":"^3.7.3","through2":"^0.6.3","vinyl":"^0.4.3","vinyl-fs":"^0.3.9"},"devDependencies":{"mocha":"^1.21.5","should":"^4.0.4"},"gitHead":"0748eae14afaf03370ec7914e0d2f70fc1d90416","bugs":{"url":"https://github.com/filaraujo/web-component-parser/issues"},"homepage":"https://github.com/filaraujo/web-component-parser","_id":"web-component-parser@1.0.1","_shasum":"f30c87d3ba7e93dba25582e72ca90e773414d895","_from":".","_npmVersion":"2.1.2","_nodeVersion":"0.10.26","_npmUser":{"name":"filipearaujo","email":"filipe.alves.araujo@gmail.com"},"maintainers":[{"name":"filipearaujo","email":"filipe.alves.araujo@gmail.com"}],"dist":{"shasum":"f30c87d3ba7e93dba25582e72ca90e773414d895","tarball":"http://registry.npmjs.org/web-component-parser/-/web-component-parser-1.0.1.tgz"}}
39 error new={"name":"web-component-parser","version":"1.0.1","description":"Parses html for web component references and creates a dependency json","author":{"name":"Filipe Araujo","email":"filipe.alves.araujo@gmail.com"},"keywords":["webcomponents","web-components","webcomponents-parser","web-components-parser","dependency","dependencies"],"main":"index.js","scripts":{"test":"mocha ./test"},"repository":{"type":"git","url":"git@github.com:filaraujo/web-component-parser.git"},"license":"MIT","dependencies":{"htmlparser2":"^3.7.3","through2":"^0.6.3","vinyl":"^0.4.3","vinyl-fs":"^0.3.9"},"devDependencies":{"mocha":"^1.21.5","should":"^4.0.4"},"readme":"# web-component-parser\u000a\u000aParses html for web component references and creates a dependency json\u000a\u000a[![Build Status](https://travis-ci.org/filaraujo/web-component-parser.svg?branch=master)](https://travis-ci.org/filaraujo/web-component-parser)\u000a\u000a\u000a## Install\u000a\u000a```node\u000anpm install web-component-parser --save\u000a```\u000a\u000a## Usage\u000a```javascript\u000avar wcp = require('wcp');\u000a\u000awcp.dependencies({\u000a    fileName: 'deps',\u000a    src: './test/fixtures/*.html',\u000a    dest: './test/'\u000a};\u000a```\u000a\u000a## dependencies([options])\u000aYou can call the dependencies api directly, this will return a `vinyl-fs` stream object allowing\u000ait to be piped.\u000a\u000a* `options` {Object}\u000a  * `src` {Array|String} source directory for `html` files to parse\u000a  * `dest` {String} destination directory to add json file\u000a  * `fileName` {String} file name of json file that will be created. Defaults to `dependencies`.json\u000a\u000a## gulp\u000a`web-component-parser` can be used directly with gulp.\u000a\u000a```javascript\u000avar gulp = require('gulp'),\u000a    wcp = require('wcp');\u000a\u000agulp.task( 'deps', function(){\u000a    return gulp.src('./test/fixtures/*.html')\u000a        .pipe( wcp({\u000a            fileName: 'fileName'\u000a        }) )\u000a        .pipe( gulp.dest('./test/') );\u000a});\u000a```\u000a\u000a## licence\u000aMIT\u000a","readmeFilename":"README.md","gitHead":"59cce084d95ba85788e8225cff843cdab48404cd","bugs":{"url":"https://github.com/filaraujo/web-component-parser/issues"},"homepage":"https://github.com/filaraujo/web-component-parser","_id":"web-component-parser@1.0.1","_shasum":"a27dc9389db2fe50c2bffb3e318fb42536738a46","_from":".","_npmVersion":"2.1.2","_nodeVersion":"0.10.26","_npmUser":{"name":"filipearaujo","email":"filipe.alves.araujo@gmail.com"},"maintainers":[{"name":"filipearaujo","email":"filipe.alves.araujo@gmail.com"}],"dist":{"shasum":"a27dc9389db2fe50c2bffb3e318fb42536738a46","tarball":"http://registry.npmjs.org/web-component-parser/-/web-component-parser-1.0.1.tgz"}}: web-component-parser
40 error If you need help, you may report this error at:
40 error     <http://github.com/npm/npm/issues>
41 verbose exit [ 1, true ]
